<?xml version="1.0" encoding="UTF-8"?>
<testsuite xmlns:xsi="http://www.w3.org/2001/XMLSchema-instance" xsi:noNamespaceSchemaLocation="https://maven.apache.org/surefire/maven-surefire-plugin/xsd/surefire-test-report-3.0.xsd" version="3.0" name="com.petsafe.qr.repository.PetRepositoryTest" time="5.002" tests="7" errors="0" skipped="0" failures="0">
  <properties>
[...]
</properties>
  <testcase name="testSaveAndRetrieve" classname="com.petsafe.qr.repository.PetRepositoryTest" time="0.628">
    <system-out><![CDATA[13:03:14.571 [main] INFO org.springframework.test.context.support.AnnotationConfigContextLoaderUtils -- Could not detect default configuration classes for test class [com.petsafe.qr.repository.PetRepositoryTest]: PetRepositoryTest does not declare any static, non-private, non-final, nested classes annotated with @Configuration.
13:03:14.699 [main] INFO org.springframework.boot.test.context.SpringBootTestContextBootstrapper -- Found @SpringBootConfiguration com.petsafe.qr.PetSafeQrApplication for test class com.petsafe.qr.repository.PetRepositoryTest

  .   ____          _            __ _ _
 /\\ / ___'_ __ _ _(_)_ __  __ _ \ \ \ \
( ( )\___ | '_ | '_| | '_ \/ _` | \ \ \ \
 \\/  ___)| |_)| | | | | || (_| |  ) ) ) )
  '  |____| .__|_| |_|_| |_\__, | / / / /
 =========|_|==============|___/=/_/_/_/
 :: Spring Boot ::                (v3.2.0)

2026-01-26T13:03:15.023Z  INFO 1300 --- [           main] c.p.qr.repository.PetRepositoryTest      : Starting PetRepositoryTest using Java 17.0.17 with PID 1300 (started by ubuntu in /home/ubuntu/petsafe_qr/backend)
2026-01-26T13:03:15.023Z DEBUG 1300 --- [           main] c.p.qr.repository.PetRepositoryTest      : Running with Spring Boot v3.2.0, Spring v6.1.1
2026-01-26T13:03:15.024Z  INFO 1300 --- [           main] c.p.qr.repository.PetRepositoryTest      : The following 1 profile is active: "test"
2026-01-26T13:03:15.422Z  INFO 1300 --- [           main] .s.d.r.c.RepositoryConfigurationDelegate : Bootstrapping Spring Data JPA repositories in DEFAULT mode.
2026-01-26T13:03:15.605Z  INFO 1300 --- [           main] .s.d.r.c.RepositoryConfigurationDelegate : Finished Spring Data repository scanning in 164 ms. Found 2 JPA repository interfaces.
2026-01-26T13:03:15.645Z  INFO 1300 --- [           main] beddedDataSourceBeanFactoryPostProcessor : Replacing 'dataSource' DataSource bean with embedded version
2026-01-26T13:03:15.742Z  INFO 1300 --- [           main] o.s.j.d.e.EmbeddedDatabaseFactory        : Starting embedded database: url='jdbc:h2:mem:38bafd78-2647-446e-8f92-9ae81a5fed76;DB_CLOSE_DELAY=-1;DB_CLOSE_ON_EXIT=false', username='sa'
2026-01-26T13:03:16.190Z  INFO 1300 --- [           main] o.hibernate.jpa.internal.util.LogHelper  : HHH000204: Processing PersistenceUnitInfo [name: default]
2026-01-26T13:03:16.430Z  INFO 1300 --- [           main] org.hibernate.Version                    : HHH000412: Hibernate ORM core version 6.3.1.Final
2026-01-26T13:03:16.528Z  INFO 1300 --- [           main] o.h.c.internal.RegionFactoryInitiator    : HHH000026: Second-level cache disabled
2026-01-26T13:03:17.112Z  INFO 1300 --- [           main] o.s.o.j.p.SpringPersistenceUnitInfo      : No LoadTimeWeaver setup: ignoring JPA class transformer
2026-01-26T13:03:17.236Z  WARN 1300 --- [           main] org.hibernate.dialect.Dialect            : HHH000511: The 2.2.0 version for [org.hibernate.dialect.PostgreSQLDialect] is no longer supported, hence certain features may not work properly. The minimum supported version is 11.0.0. Check the community dialects project for available legacy versions.
2026-01-26T13:03:17.253Z  WARN 1300 --- [           main] org.hibernate.orm.deprecation            : HHH90000025: PostgreSQLDialect does not need to be specified explicitly using 'hibernate.dialect' (remove the property setting and it will be selected by default)
2026-01-26T13:03:18.241Z  INFO 1300 --- [           main] o.h.e.t.j.p.i.JtaPlatformInitiator       : HHH000489: No JTA platform available (set 'hibernate.transaction.jta.platform' to enable JTA platform integration)
Hibernate: 
    alter table if exists pets 
       drop constraint if exists FKoygstexeo9ivoylgrdrv2tc39
Hibernate: 
    drop table if exists pets cascade
Hibernate: 
    drop table if exists users cascade
Hibernate: 
    create table pets (
        age integer,
        is_missing boolean not null,
        weight float(53),
        created_at timestamp(6) not null,
        updated_at timestamp(6) not null,
        id uuid not null,
        owner_id uuid not null,
        allergies TEXT,
        breed varchar(255),
        color varchar(255),
        medical_info TEXT,
        medications TEXT,
        name varchar(255) not null,
        owner_notes TEXT,
        photo_url varchar(255),
        qr_code_url varchar(255),
        species varchar(255) not null,
        vet_contact varchar(255),
        primary key (id)
    )
Hibernate: 
    create table users (
        created_at timestamp(6) not null,
        id uuid not null,
        email varchar(255) not null unique,
        name varchar(255) not null,
        password varchar(255) not null,
        phone varchar(255) not null,
        primary key (id)
    )
Hibernate: 
    alter table if exists pets 
       add constraint FKoygstexeo9ivoylgrdrv2tc39 
       foreign key (owner_id) 
       references users
2026-01-26T13:03:18.300Z  INFO 1300 --- [           main] j.LocalContainerEntityManagerFactoryBean : Initialized JPA EntityManagerFactory for persistence unit 'default'
2026-01-26T13:03:18.654Z  INFO 1300 --- [           main] c.p.qr.repository.PetRepositoryTest      : Started PetRepositoryTest in 3.904 seconds (process running for 4.809)
Hibernate: 
    insert 
    into
        users
        (created_at, email, name, password, phone, id) 
    values
        (?, ?, ?, ?, ?, ?)
Hibernate: 
    insert 
    into
        users
        (created_at, email, name, password, phone, id) 
    values
        (?, ?, ?, ?, ?, ?)
Hibernate: 
    insert 
    into
        pets
        (age, allergies, breed, color, created_at, is_missing, medical_info, medications, name, owner_id, owner_notes, photo_url, qr_code_url, species, updated_at, vet_contact, weight, id) 
    values
        (?, ?, ?, ?, ?, ?, ?, ?, ?, ?, ?, ?, ?, ?, ?, ?, ?, ?)
Hibernate: 
    select
        p1_0.id,
        p1_0.age,
        p1_0.allergies,
        p1_0.breed,
        p1_0.color,
        p1_0.created_at,
        p1_0.is_missing,
        p1_0.medical_info,
        p1_0.medications,
        p1_0.name,
        p1_0.owner_id,
        p1_0.owner_notes,
        p1_0.photo_url,
        p1_0.qr_code_url,
        p1_0.species,
        p1_0.updated_at,
        p1_0.vet_contact,
        p1_0.weight 
    from
        pets p1_0 
    where
        p1_0.id=?
]]></system-out>
  </testcase>
  <testcase name="testFindById_Success" classname="com.petsafe.qr.repository.PetRepositoryTest" time="0.01">
    <system-out><![CDATA[Hibernate: 
    insert 
    into
        users
        (created_at, email, name, password, phone, id) 
    values
        (?, ?, ?, ?, ?, ?)
Hibernate: 
    insert 
    into
        users
        (created_at, email, name, password, phone, id) 
    values
        (?, ?, ?, ?, ?, ?)
Hibernate: 
    insert 
    into
        pets
        (age, allergies, breed, color, created_at, is_missing, medical_info, medications, name, owner_id, owner_notes, photo_url, qr_code_url, species, updated_at, vet_contact, weight, id) 
    values
        (?, ?, ?, ?, ?, ?, ?, ?, ?, ?, ?, ?, ?, ?, ?, ?, ?, ?)
]]></system-out>
  </testcase>
  <testcase name="testFindByOwnerId_Success" classname="com.petsafe.qr.repository.PetRepositoryTest" time="0.072">
    <system-out><![CDATA[Hibernate: 
    insert 
    into
        users
        (created_at, email, name, password, phone, id) 
    values
        (?, ?, ?, ?, ?, ?)
Hibernate: 
    insert 
    into
        users
        (created_at, email, name, password, phone, id) 
    values
        (?, ?, ?, ?, ?, ?)
Hibernate: 
    insert 
    into
        pets
        (age, allergies, breed, color, created_at, is_missing, medical_info, medications, name, owner_id, owner_notes, photo_url, qr_code_url, species, updated_at, vet_contact, weight, id) 
    values
        (?, ?, ?, ?, ?, ?, ?, ?, ?, ?, ?, ?, ?, ?, ?, ?, ?, ?)
Hibernate: 
    insert 
    into
        pets
        (age, allergies, breed, color, created_at, is_missing, medical_info, medications, name, owner_id, owner_notes, photo_url, qr_code_url, species, updated_at, vet_contact, weight, id) 
    values
        (?, ?, ?, ?, ?, ?, ?, ?, ?, ?, ?, ?, ?, ?, ?, ?, ?, ?)
Hibernate: 
    select
        p1_0.id,
        p1_0.age,
        p1_0.allergies,
        p1_0.breed,
        p1_0.color,
        p1_0.created_at,
        p1_0.is_missing,
        p1_0.medical_info,
        p1_0.medications,
        p1_0.name,
        p1_0.owner_id,
        p1_0.owner_notes,
        p1_0.photo_url,
        p1_0.qr_code_url,
        p1_0.species,
        p1_0.updated_at,
        p1_0.vet_contact,
        p1_0.weight 
    from
        pets p1_0 
    where
        p1_0.owner_id=?
]]></system-out>
  </testcase>
  <testcase name="testDelete" classname="com.petsafe.qr.repository.PetRepositoryTest" time="0.013">
    <system-out><![CDATA[Hibernate: 
    insert 
    into
        users
        (created_at, email, name, password, phone, id) 
    values
        (?, ?, ?, ?, ?, ?)
Hibernate: 
    insert 
    into
        users
        (created_at, email, name, password, phone, id) 
    values
        (?, ?, ?, ?, ?, ?)
Hibernate: 
    insert 
    into
        pets
        (age, allergies, breed, color, created_at, is_missing, medical_info, medications, name, owner_id, owner_notes, photo_url, qr_code_url, species, updated_at, vet_contact, weight, id) 
    values
        (?, ?, ?, ?, ?, ?, ?, ?, ?, ?, ?, ?, ?, ?, ?, ?, ?, ?)
Hibernate: 
    delete 
    from
        pets 
    where
        id=?
Hibernate: 
    select
        p1_0.id,
        p1_0.age,
        p1_0.allergies,
        p1_0.breed,
        p1_0.color,
        p1_0.created_at,
        p1_0.is_missing,
        p1_0.medical_info,
        p1_0.medications,
        p1_0.name,
        p1_0.owner_id,
        p1_0.owner_notes,
        p1_0.photo_url,
        p1_0.qr_code_url,
        p1_0.species,
        p1_0.updated_at,
        p1_0.vet_contact,
        p1_0.weight 
    from
        pets p1_0 
    where
        p1_0.id=?
]]></system-out>
  </testcase>
  <testcase name="testFindByOwnerId_NoPets" classname="com.petsafe.qr.repository.PetRepositoryTest" time="0.008">
    <system-out><![CDATA[Hibernate: 
    insert 
    into
        users
        (created_at, email, name, password, phone, id) 
    values
        (?, ?, ?, ?, ?, ?)
Hibernate: 
    insert 
    into
        users
        (created_at, email, name, password, phone, id) 
    values
        (?, ?, ?, ?, ?, ?)
Hibernate: 
    select
        p1_0.id,
        p1_0.age,
        p1_0.allergies,
        p1_0.breed,
        p1_0.color,
        p1_0.created_at,
        p1_0.is_missing,
        p1_0.medical_info,
        p1_0.medications,
        p1_0.name,
        p1_0.owner_id,
        p1_0.owner_notes,
        p1_0.photo_url,
        p1_0.qr_code_url,
        p1_0.species,
        p1_0.updated_at,
        p1_0.vet_contact,
        p1_0.weight 
    from
        pets p1_0 
    where
        p1_0.owner_id=?
]]></system-out>
  </testcase>
  <testcase name="testFindById_NotFound" classname="com.petsafe.qr.repository.PetRepositoryTest" time="0.005">
    <system-out><![CDATA[Hibernate: 
    insert 
    into
        users
        (created_at, email, name, password, phone, id) 
    values
        (?, ?, ?, ?, ?, ?)
Hibernate: 
    insert 
    into
        users
        (created_at, email, name, password, phone, id) 
    values
        (?, ?, ?, ?, ?, ?)
Hibernate: 
    select
        p1_0.id,
        p1_0.age,
        p1_0.allergies,
        p1_0.breed,
        p1_0.color,
        p1_0.created_at,
        p1_0.is_missing,
        p1_0.medical_info,
        p1_0.medications,
        p1_0.name,
        p1_0.owner_id,
        p1_0.owner_notes,
        p1_0.photo_url,
        p1_0.qr_code_url,
        p1_0.species,
        p1_0.updated_at,
        p1_0.vet_contact,
        p1_0.weight 
    from
        pets p1_0 
    where
        p1_0.id=?
]]></system-out>
  </testcase>
  <testcase name="testUpdate" classname="com.petsafe.qr.repository.PetRepositoryTest" time="0.014">
    <system-out><![CDATA[Hibernate: 
    insert 
    into
        users
        (created_at, email, name, password, phone, id) 
    values
        (?, ?, ?, ?, ?, ?)
Hibernate: 
    insert 
    into
        users
        (created_at, email, name, password, phone, id) 
    values
        (?, ?, ?, ?, ?, ?)
Hibernate: 
    insert 
    into
        pets
        (age, allergies, breed, color, created_at, is_missing, medical_info, medications, name, owner_id, owner_notes, photo_url, qr_code_url, species, updated_at, vet_contact, weight, id) 
    values
        (?, ?, ?, ?, ?, ?, ?, ?, ?, ?, ?, ?, ?, ?, ?, ?, ?, ?)
Hibernate: 
    update
        pets 
    set
        age=?,
        allergies=?,
        breed=?,
        color=?,
        is_missing=?,
        medical_info=?,
        medications=?,
        name=?,
        owner_id=?,
        owner_notes=?,
        photo_url=?,
        qr_code_url=?,
        species=?,
        updated_at=?,
        vet_contact=?,
        weight=? 
    where
        id=?
Hibernate: 
    select
        p1_0.id,
        p1_0.age,
        p1_0.allergies,
        p1_0.breed,
        p1_0.color,
        p1_0.created_at,
        p1_0.is_missing,
        p1_0.medical_info,
        p1_0.medications,
        p1_0.name,
        p1_0.owner_id,
        p1_0.owner_notes,
        p1_0.photo_url,
        p1_0.qr_code_url,
        p1_0.species,
        p1_0.updated_at,
        p1_0.vet_contact,
        p1_0.weight 
    from
        pets p1_0 
    where
        p1_0.id=?
]]></system-out>
  </testcase>
</testsuite>